<?xml version="1.0" encoding="UTF-8"?>
<testsuite name="petstore.Pet" tests="1" skipped="0" failures="0" errors="0" timestamp="2021-08-13T01:07:36" hostname="BRUNO-PC" time="3.641">
  <properties/>
  <testcase name="incluirPet" classname="petstore.Pet" time="3.641"/>
  <system-out><![CDATA[Request method:	POST
Request URI:	https://petstore.swagger.io/v2/pet
Proxy:			<none>
Request params:	<none>
Query params:	<none>
Form params:	<none>
Path params:	<none>
Headers:		Accept=*/*
				Content-Type=application/json; charset=UTF-8
Cookies:		<none>
Multiparts:		<none>
Body:
{
    "id": 961349455,
    "category": {
        "id": 1,
        "name": "AX2345LORT"
    },
    "name": "Branca",
    "photoUrls": [
        "string"
    ],
    "tags": [
        {
            "id": 20210812,
            "name": "data"
        }
    ],
    "status": "available"
}
HTTP/1.1 200 OK
Date: Fri, 13 Aug 2021 01:03:58 GMT
Content-Type: application/json
Transfer-Encoding: chunked
Connection: keep-alive
Access-Control-Allow-Origin: *
Access-Control-Allow-Methods: GET, POST, DELETE, PUT
Access-Control-Allow-Headers: Content-Type, api_key, Authorization
Server: Jetty(9.2.9.v20150224)

{
    "id": 961349455,
    "category": {
        "id": 1,
        "name": "AX2345LORT"
    },
    "name": "Branca",
    "photoUrls": [
        "string"
    ],
    "tags": [
        {
            "id": 20210812,
            "name": "data"
        }
    ],
    "status": "available"
}
]]></system-out>
  <system-err><![CDATA[]]></system-err>
</testsuite>
